{
  "stats": {
    "suites": 1,
    "tests": 1,
    "passes": 1,
    "pending": 0,
    "failures": 0,
    "start": "2025-10-31T14:37:54.242Z",
    "end": "2025-10-31T14:38:01.868Z",
    "duration": 7626,
    "testsRegistered": 1,
    "passPercent": 100,
    "pendingPercent": 0,
    "other": 0,
    "hasOther": false,
    "skipped": 0,
    "hasSkipped": false
  },
  "results": [
    {
      "uuid": "6bc536f4-61c4-4dd3-916c-3e4e47b70cbc",
      "title": "",
      "fullFile": "cypress/integration/login_success.js",
      "file": "cypress/integration/login_success.js",
      "beforeHooks": [],
      "afterHooks": [],
      "tests": [],
      "suites": [
        {
          "uuid": "3b155f7c-caae-4f81-aebb-4f596cf4035f",
          "title": "Login Success Test",
          "fullFile": "",
          "file": "",
          "beforeHooks": [],
          "afterHooks": [],
          "tests": [
            {
              "title": "should login successfully",
              "fullTitle": "Login Success Test should login successfully",
              "timedOut": null,
              "duration": 4238,
              "state": "passed",
              "speed": "slow",
              "pass": true,
              "fail": false,
              "pending": false,
              "context": null,
              "code": "cy.login('standard_user', 'secret_sauce');\ncy.url().should('include', '/inventory.html');\ncy.get('.title').should('contain', 'Products');\ncy.logout();",
              "err": {},
              "uuid": "19de7b00-7a6c-468c-9512-5f672859a9ea",
              "parentUUID": "3b155f7c-caae-4f81-aebb-4f596cf4035f",
              "isHook": false,
              "skipped": false
            }
          ],
          "suites": [],
          "passes": [
            "19de7b00-7a6c-468c-9512-5f672859a9ea"
          ],
          "failures": [],
          "pending": [],
          "skipped": [],
          "duration": 4238,
          "root": false,
          "rootEmpty": false,
          "_timeout": 2000
        }
      ],
      "passes": [],
      "failures": [],
      "pending": [],
      "skipped": [],
      "duration": 0,
      "root": true,
      "rootEmpty": true,
      "_timeout": 2000
    }
  ],
  "meta": {
    "mocha": {
      "version": "7.0.1"
    },
    "mochawesome": {
      "options": {
        "quiet": false,
        "reportFilename": "SauceDemo-Report",
        "saveHtml": true,
        "saveJson": true,
        "consoleReporter": "spec",
        "useInlineDiffs": false,
        "code": true
      },
      "version": "7.1.4"
    },
    "marge": {
      "options": {
        "code": true,
        "overwrite": false,
        "reportFilename": "SauceDemo-Report",
        "autoOpen": true,
        "charts": true
      },
      "version": "6.3.0"
    }
  }
}