{
  "stats": {
    "suites": 1,
    "tests": 1,
    "passes": 1,
    "pending": 0,
    "failures": 0,
    "start": "2025-10-31T14:38:18.556Z",
    "end": "2025-10-31T14:38:26.163Z",
    "duration": 7607,
    "testsRegistered": 1,
    "passPercent": 100,
    "pendingPercent": 0,
    "other": 0,
    "hasOther": false,
    "skipped": 0,
    "hasSkipped": false
  },
  "results": [
    {
      "uuid": "1ecfb6b6-9376-44bf-abd6-62076499a1fc",
      "title": "",
      "fullFile": "cypress/integration/product_nav.js",
      "file": "cypress/integration/product_nav.js",
      "beforeHooks": [],
      "afterHooks": [],
      "tests": [],
      "suites": [
        {
          "uuid": "1cd03619-f622-472e-b32d-2fd16a5708c1",
          "title": "Product Navigation Test",
          "fullFile": "",
          "file": "",
          "beforeHooks": [],
          "afterHooks": [],
          "tests": [
            {
              "title": "Should navigate to first product and validate details",
              "fullTitle": "Product Navigation Test Should navigate to first product and validate details",
              "timedOut": null,
              "duration": 4668,
              "state": "passed",
              "speed": "slow",
              "pass": true,
              "fail": false,
              "pending": false,
              "context": null,
              "code": "cy.openFirstProduct();\ncy.logout();",
              "err": {},
              "uuid": "490fe113-5e73-4135-b060-d3f0a2d64de6",
              "parentUUID": "1cd03619-f622-472e-b32d-2fd16a5708c1",
              "isHook": false,
              "skipped": false
            }
          ],
          "suites": [],
          "passes": [
            "490fe113-5e73-4135-b060-d3f0a2d64de6"
          ],
          "failures": [],
          "pending": [],
          "skipped": [],
          "duration": 4668,
          "root": false,
          "rootEmpty": false,
          "_timeout": 2000
        }
      ],
      "passes": [],
      "failures": [],
      "pending": [],
      "skipped": [],
      "duration": 0,
      "root": true,
      "rootEmpty": true,
      "_timeout": 2000
    }
  ],
  "meta": {
    "mocha": {
      "version": "7.0.1"
    },
    "mochawesome": {
      "options": {
        "quiet": false,
        "reportFilename": "SauceDemo-Report",
        "saveHtml": true,
        "saveJson": true,
        "consoleReporter": "spec",
        "useInlineDiffs": false,
        "code": true
      },
      "version": "7.1.4"
    },
    "marge": {
      "options": {
        "code": true,
        "overwrite": false,
        "reportFilename": "SauceDemo-Report",
        "autoOpen": true,
        "charts": true
      },
      "version": "6.3.0"
    }
  }
}